<?xml version="1.0" encoding="UTF-8"?>
<coverage generated="1657199670749" clover="3.2.0">
  <project timestamp="1657199670750" name="All files">
    <metrics statements="32" coveredstatements="18" conditionals="4" coveredconditionals="0" methods="11" coveredmethods="2" elements="47" coveredelements="20" complexity="0" loc="32" ncloc="32" packages="3" files="3" classes="3"/>
    <package name="data">
      <metrics statements="13" coveredstatements="8" conditionals="0" coveredconditionals="0" methods="6" coveredmethods="1"/>
      <file name="postsData.js" path="C:\Users\gabri\Estudos-Independentes\API\server\data\postsData.js">
        <metrics statements="13" coveredstatements="8" conditionals="0" coveredconditionals="0" methods="6" coveredmethods="1"/>
        <line num="1" count="1" type="stmt"/>
        <line num="3" count="1" type="stmt"/>
        <line num="4" count="0" type="stmt"/>
        <line num="7" count="1" type="stmt"/>
        <line num="8" count="0" type="stmt"/>
        <line num="11" count="1" type="stmt"/>
        <line num="12" count="3" type="stmt"/>
        <line num="15" count="1" type="stmt"/>
        <line num="16" count="0" type="stmt"/>
        <line num="19" count="1" type="stmt"/>
        <line num="20" count="0" type="stmt"/>
        <line num="23" count="1" type="stmt"/>
        <line num="24" count="0" type="stmt"/>
      </file>
    </package>
    <package name="infra">
      <metrics statements="3" coveredstatements="3" conditionals="0" coveredconditionals="0" methods="0" coveredmethods="0"/>
      <file name="database.js" path="C:\Users\gabri\Estudos-Independentes\API\server\infra\database.js">
        <metrics statements="3" coveredstatements="3" conditionals="0" coveredconditionals="0" methods="0" coveredmethods="0"/>
        <line num="3" count="1" type="stmt"/>
        <line num="4" count="1" type="stmt"/>
        <line num="12" count="1" type="stmt"/>
      </file>
    </package>
    <package name="service">
      <metrics statements="16" coveredstatements="7" conditionals="4" coveredconditionals="0" methods="5" coveredmethods="1"/>
      <file name="postsService.js" path="C:\Users\gabri\Estudos-Independentes\API\server\service\postsService.js">
        <metrics statements="16" coveredstatements="7" conditionals="4" coveredconditionals="0" methods="5" coveredmethods="1"/>
        <line num="1" count="1" type="stmt"/>
        <line num="3" count="1" type="stmt"/>
        <line num="4" count="0" type="stmt"/>
        <line num="7" count="1" type="stmt"/>
        <line num="8" count="0" type="stmt"/>
        <line num="9" count="0" type="cond" truecount="0" falsecount="2"/>
        <line num="10" count="0" type="stmt"/>
        <line num="13" count="1" type="stmt"/>
        <line num="14" count="3" type="stmt"/>
        <line num="15" count="0" type="cond" truecount="0" falsecount="2"/>
        <line num="16" count="0" type="stmt"/>
        <line num="19" count="1" type="stmt"/>
        <line num="20" count="0" type="stmt"/>
        <line num="23" count="1" type="stmt"/>
        <line num="24" count="0" type="stmt"/>
        <line num="25" count="0" type="stmt"/>
      </file>
    </package>
  </project>
</coverage>
